This file contains any messages produced by compilers while
running configure, to aid debugging if configure makes a mistake.

It was created by configure, which was
generated by GNU Autoconf 2.69.  Invocation command line was

  $ ./configure 

## --------- ##
## Platform. ##
## --------- ##

hostname = kalpathi-3112-VB1
uname -m = x86_64
uname -r = 4.10.0-40-generic
uname -s = Linux
uname -v = #44-Ubuntu SMP Thu Nov 9 14:49:09 UTC 2017

/usr/bin/uname -p = unknown
/bin/uname -X     = unknown

/bin/arch              = unknown
/usr/bin/arch -k       = unknown
/usr/convex/getsysinfo = unknown
/usr/bin/hostinfo      = unknown
/bin/machine           = unknown
/usr/bin/oslevel       = unknown
/bin/universe          = unknown

PATH: /usr/local/sbin
PATH: /usr/local/bin
PATH: /usr/sbin
PATH: /usr/bin
PATH: /sbin
PATH: /bin
PATH: /usr/games
PATH: /usr/local/games
PATH: /snap/bin
PATH: /usr/lib/jvm/java-8-oracle/bin
PATH: /usr/lib/jvm/java-8-oracle/db/bin
PATH: /usr/lib/jvm/java-8-oracle/jre/bin


## ----------- ##
## Core tests. ##
## ----------- ##

configure:2498: checking build system type
configure:2512: result: x86_64-unknown-linux-gnu
configure:2532: checking host system type
configure:2545: result: x86_64-unknown-linux-gnu
configure:2622: checking for gcc
configure:2638: found /usr/bin/gcc
configure:2649: result: gcc
configure:2878: checking for C compiler version
configure:2887: gcc --version >&5
gcc (Ubuntu 6.3.0-12ubuntu2) 6.3.0 20170406
Copyright (C) 2016 Free Software Foundation, Inc.
This is free software; see the source for copying conditions.  There is NO
warranty; not even for MERCHANTABILITY or FITNESS FOR A PARTICULAR PURPOSE.

configure:2898: $? = 0
configure:2887: gcc -v >&5
Using built-in specs.
COLLECT_GCC=gcc
COLLECT_LTO_WRAPPER=/usr/lib/gcc/x86_64-linux-gnu/6/lto-wrapper
Target: x86_64-linux-gnu
Configured with: ../src/configure -v --with-pkgversion='Ubuntu 6.3.0-12ubuntu2' --with-bugurl=file:///usr/share/doc/gcc-6/README.Bugs --enable-languages=c,ada,c++,java,go,d,fortran,objc,obj-c++ --prefix=/usr --program-suffix=-6 --program-prefix=x86_64-linux-gnu- --enable-shared --enable-linker-build-id --libexecdir=/usr/lib --without-included-gettext --enable-threads=posix --libdir=/usr/lib --enable-nls --with-sysroot=/ --enable-clocale=gnu --enable-libstdcxx-debug --enable-libstdcxx-time=yes --with-default-libstdcxx-abi=new --enable-gnu-unique-object --disable-vtable-verify --enable-libmpx --enable-plugin --enable-default-pie --with-system-zlib --disable-browser-plugin --enable-java-awt=gtk --enable-gtk-cairo --with-java-home=/usr/lib/jvm/java-1.5.0-gcj-6-amd64/jre --enable-java-home --with-jvm-root-dir=/usr/lib/jvm/java-1.5.0-gcj-6-amd64 --with-jvm-jar-dir=/usr/lib/jvm-exports/java-1.5.0-gcj-6-amd64 --with-arch-directory=amd64 --with-ecj-jar=/usr/share/java/eclipse-ecj.jar --with-target-system-zlib --enable-objc-gc=auto --enable-multiarch --disable-werror --with-arch-32=i686 --with-abi=m64 --with-multilib-list=m32,m64,mx32 --enable-multilib --with-tune=generic --enable-checking=release --build=x86_64-linux-gnu --host=x86_64-linux-gnu --target=x86_64-linux-gnu
Thread model: posix
gcc version 6.3.0 20170406 (Ubuntu 6.3.0-12ubuntu2) 
configure:2898: $? = 0
configure:2887: gcc -V >&5
gcc: error: unrecognized command line option '-V'
gcc: fatal error: no input files
compilation terminated.
configure:2898: $? = 1
configure:2887: gcc -qversion >&5
gcc: error: unrecognized command line option '-qversion'; did you mean '--version'?
gcc: fatal error: no input files
compilation terminated.
configure:2898: $? = 1
configure:2918: checking whether the C compiler works
configure:2940: gcc    conftest.c  >&5
configure:2944: $? = 0
configure:2992: result: yes
configure:2995: checking for C compiler default output file name
configure:2997: result: a.out
configure:3003: checking for suffix of executables
configure:3010: gcc -o conftest    conftest.c  >&5
configure:3014: $? = 0
configure:3036: result: 
configure:3058: checking whether we are cross compiling
configure:3066: gcc -o conftest    conftest.c  >&5
configure:3070: $? = 0
configure:3077: ./conftest
configure:3081: $? = 0
configure:3096: result: no
configure:3101: checking for suffix of object files
configure:3123: gcc -c   conftest.c >&5
configure:3127: $? = 0
configure:3148: result: o
configure:3152: checking whether we are using the GNU C compiler
configure:3171: gcc -c   conftest.c >&5
configure:3171: $? = 0
configure:3180: result: yes
configure:3189: checking whether gcc accepts -g
configure:3209: gcc -c -g  conftest.c >&5
configure:3209: $? = 0
configure:3250: result: yes
configure:3267: checking for gcc option to accept ISO C89
configure:3330: gcc  -c   conftest.c >&5
configure:3330: $? = 0
configure:3343: result: none needed
configure:3421: checking for g++
configure:3437: found /usr/bin/g++
configure:3448: result: g++
configure:3475: checking for C++ compiler version
configure:3484: g++ --version >&5
g++ (Ubuntu 6.3.0-12ubuntu2) 6.3.0 20170406
Copyright (C) 2016 Free Software Foundation, Inc.
This is free software; see the source for copying conditions.  There is NO
warranty; not even for MERCHANTABILITY or FITNESS FOR A PARTICULAR PURPOSE.

configure:3495: $? = 0
configure:3484: g++ -v >&5
Using built-in specs.
COLLECT_GCC=g++
COLLECT_LTO_WRAPPER=/usr/lib/gcc/x86_64-linux-gnu/6/lto-wrapper
Target: x86_64-linux-gnu
Configured with: ../src/configure -v --with-pkgversion='Ubuntu 6.3.0-12ubuntu2' --with-bugurl=file:///usr/share/doc/gcc-6/README.Bugs --enable-languages=c,ada,c++,java,go,d,fortran,objc,obj-c++ --prefix=/usr --program-suffix=-6 --program-prefix=x86_64-linux-gnu- --enable-shared --enable-linker-build-id --libexecdir=/usr/lib --without-included-gettext --enable-threads=posix --libdir=/usr/lib --enable-nls --with-sysroot=/ --enable-clocale=gnu --enable-libstdcxx-debug --enable-libstdcxx-time=yes --with-default-libstdcxx-abi=new --enable-gnu-unique-object --disable-vtable-verify --enable-libmpx --enable-plugin --enable-default-pie --with-system-zlib --disable-browser-plugin --enable-java-awt=gtk --enable-gtk-cairo --with-java-home=/usr/lib/jvm/java-1.5.0-gcj-6-amd64/jre --enable-java-home --with-jvm-root-dir=/usr/lib/jvm/java-1.5.0-gcj-6-amd64 --with-jvm-jar-dir=/usr/lib/jvm-exports/java-1.5.0-gcj-6-amd64 --with-arch-directory=amd64 --with-ecj-jar=/usr/share/java/eclipse-ecj.jar --with-target-system-zlib --enable-objc-gc=auto --enable-multiarch --disable-werror --with-arch-32=i686 --with-abi=m64 --with-multilib-list=m32,m64,mx32 --enable-multilib --with-tune=generic --enable-checking=release --build=x86_64-linux-gnu --host=x86_64-linux-gnu --target=x86_64-linux-gnu
Thread model: posix
gcc version 6.3.0 20170406 (Ubuntu 6.3.0-12ubuntu2) 
configure:3495: $? = 0
configure:3484: g++ -V >&5
g++: error: unrecognized command line option '-V'
g++: fatal error: no input files
compilation terminated.
configure:3495: $? = 1
configure:3484: g++ -qversion >&5
g++: error: unrecognized command line option '-qversion'; did you mean '--version'?
g++: fatal error: no input files
compilation terminated.
configure:3495: $? = 1
configure:3499: checking whether we are using the GNU C++ compiler
configure:3518: g++ -c   conftest.cpp >&5
configure:3518: $? = 0
configure:3527: result: yes
configure:3536: checking whether g++ accepts -g
configure:3556: g++ -c -g  conftest.cpp >&5
configure:3556: $? = 0
configure:3597: result: yes
configure:4100: checking for a BSD-compatible install
configure:4168: result: /usr/bin/install -c
configure:4190: checking for nroff
configure:4208: found /usr/bin/nroff
configure:4220: result: /usr/bin/nroff
configure:4278: checking for doxygen
configure:4296: found /usr/bin/doxygen
configure:4308: result: /usr/bin/doxygen
configure:4360: checking for ranlib
configure:4376: found /usr/bin/ranlib
configure:4387: result: ranlib
configure:4455: checking for ar
configure:4473: found /usr/bin/ar
configure:4485: result: /usr/bin/ar
configure:4566: checking for windres
configure:4599: result: no
configure:4625: checking how to run the C preprocessor
configure:4656: gcc -E  conftest.c
configure:4656: $? = 0
configure:4670: gcc -E  conftest.c
conftest.c:9:28: fatal error: ac_nonexistent.h: No such file or directory
 #include <ac_nonexistent.h>
                            ^
compilation terminated.
configure:4670: $? = 1
configure: failed program was:
| /* confdefs.h */
| #define PACKAGE_NAME ""
| #define PACKAGE_TARNAME ""
| #define PACKAGE_VERSION ""
| #define PACKAGE_STRING ""
| #define PACKAGE_BUGREPORT ""
| #define PACKAGE_URL ""
| /* end confdefs.h.  */
| #include <ac_nonexistent.h>
configure:4695: result: gcc -E
configure:4715: gcc -E  conftest.c
configure:4715: $? = 0
configure:4729: gcc -E  conftest.c
conftest.c:9:28: fatal error: ac_nonexistent.h: No such file or directory
 #include <ac_nonexistent.h>
                            ^
compilation terminated.
configure:4729: $? = 1
configure: failed program was:
| /* confdefs.h */
| #define PACKAGE_NAME ""
| #define PACKAGE_TARNAME ""
| #define PACKAGE_VERSION ""
| #define PACKAGE_STRING ""
| #define PACKAGE_BUGREPORT ""
| #define PACKAGE_URL ""
| /* end confdefs.h.  */
| #include <ac_nonexistent.h>
configure:4758: checking for grep that handles long lines and -e
configure:4816: result: /bin/grep
configure:4821: checking for egrep
configure:4883: result: /bin/grep -E
configure:4888: checking for ANSI C header files
configure:4908: gcc -c   conftest.c >&5
configure:4908: $? = 0
configure:4981: gcc -o conftest    conftest.c  >&5
configure:4981: $? = 0
configure:4981: ./conftest
configure:4981: $? = 0
configure:4992: result: yes
configure:5005: checking for sys/types.h
configure:5005: gcc -c   conftest.c >&5
configure:5005: $? = 0
configure:5005: result: yes
configure:5005: checking for sys/stat.h
configure:5005: gcc -c   conftest.c >&5
configure:5005: $? = 0
configure:5005: result: yes
configure:5005: checking for stdlib.h
configure:5005: gcc -c   conftest.c >&5
configure:5005: $? = 0
configure:5005: result: yes
configure:5005: checking for string.h
configure:5005: gcc -c   conftest.c >&5
configure:5005: $? = 0
configure:5005: result: yes
configure:5005: checking for memory.h
configure:5005: gcc -c   conftest.c >&5
configure:5005: $? = 0
configure:5005: result: yes
configure:5005: checking for strings.h
configure:5005: gcc -c   conftest.c >&5
configure:5005: $? = 0
configure:5005: result: yes
configure:5005: checking for inttypes.h
configure:5005: gcc -c   conftest.c >&5
configure:5005: $? = 0
configure:5005: result: yes
configure:5005: checking for stdint.h
configure:5005: gcc -c   conftest.c >&5
configure:5005: $? = 0
configure:5005: result: yes
configure:5005: checking for unistd.h
configure:5005: gcc -c   conftest.c >&5
configure:5005: $? = 0
configure:5005: result: yes
configure:5021: checking size of short
configure:5026: gcc -o conftest    conftest.c  >&5
configure:5026: $? = 0
configure:5026: ./conftest
configure:5026: $? = 0
configure:5040: result: 2
configure:5054: checking size of int
configure:5059: gcc -o conftest    conftest.c  >&5
configure:5059: $? = 0
configure:5059: ./conftest
configure:5059: $? = 0
configure:5073: result: 4
configure:5087: checking size of long
configure:5092: gcc -o conftest    conftest.c  >&5
configure:5092: $? = 0
configure:5092: ./conftest
configure:5092: $? = 0
configure:5106: result: 8
configure:5133: checking whether byte ordering is bigendian
configure:5148: gcc -c   conftest.c >&5
conftest.c:25:9: error: unknown type name 'not'
         not a universal capable compiler
         ^~~
conftest.c:25:15: error: expected '=', ',', ';', 'asm' or '__attribute__' before 'universal'
         not a universal capable compiler
               ^~~~~~~~~
conftest.c:25:15: error: unknown type name 'universal'
configure:5148: $? = 1
configure: failed program was:
| /* confdefs.h */
| #define PACKAGE_NAME ""
| #define PACKAGE_TARNAME ""
| #define PACKAGE_VERSION ""
| #define PACKAGE_STRING ""
| #define PACKAGE_BUGREPORT ""
| #define PACKAGE_URL ""
| #define STDC_HEADERS 1
| #define HAVE_SYS_TYPES_H 1
| #define HAVE_SYS_STAT_H 1
| #define HAVE_STDLIB_H 1
| #define HAVE_STRING_H 1
| #define HAVE_MEMORY_H 1
| #define HAVE_STRINGS_H 1
| #define HAVE_INTTYPES_H 1
| #define HAVE_STDINT_H 1
| #define HAVE_UNISTD_H 1
| #define SIZEOF_SHORT 2
| #define SIZEOF_INT 4
| #define SIZEOF_LONG 8
| #define U16 unsigned short
| #define U32 unsigned
| /* end confdefs.h.  */
| #ifndef __APPLE_CC__
| 	       not a universal capable compiler
| 	     #endif
| 	     typedef int dummy;
| 
configure:5193: gcc -c   conftest.c >&5
configure:5193: $? = 0
configure:5211: gcc -c   conftest.c >&5
conftest.c: In function 'main':
conftest.c:31:4: error: unknown type name 'not'
    not big endian
    ^~~
conftest.c:31:12: error: expected '=', ',', ';', 'asm' or '__attribute__' before 'endian'
    not big endian
            ^~~~~~
configure:5211: $? = 1
configure: failed program was:
| /* confdefs.h */
| #define PACKAGE_NAME ""
| #define PACKAGE_TARNAME ""
| #define PACKAGE_VERSION ""
| #define PACKAGE_STRING ""
| #define PACKAGE_BUGREPORT ""
| #define PACKAGE_URL ""
| #define STDC_HEADERS 1
| #define HAVE_SYS_TYPES_H 1
| #define HAVE_SYS_STAT_H 1
| #define HAVE_STDLIB_H 1
| #define HAVE_STRING_H 1
| #define HAVE_MEMORY_H 1
| #define HAVE_STRINGS_H 1
| #define HAVE_INTTYPES_H 1
| #define HAVE_STDINT_H 1
| #define HAVE_UNISTD_H 1
| #define SIZEOF_SHORT 2
| #define SIZEOF_INT 4
| #define SIZEOF_LONG 8
| #define U16 unsigned short
| #define U32 unsigned
| /* end confdefs.h.  */
| #include <sys/types.h>
| 		#include <sys/param.h>
| 
| int
| main ()
| {
| #if BYTE_ORDER != BIG_ENDIAN
| 		 not big endian
| 		#endif
| 
|   ;
|   return 0;
| }
configure:5339: result: no
configure:5370: checking whether the compiler recognizes bool as a built-in type
configure:5400: g++ -c   conftest.cpp >&5
configure:5400: $? = 0
configure:5414: result: yes
configure:5424: checking for dirent.h that defines DIR
configure:5443: gcc -c   conftest.c >&5
configure:5443: $? = 0
configure:5451: result: yes
configure:5464: checking for library containing opendir
configure:5495: gcc -o conftest    conftest.c  >&5
configure:5495: $? = 0
configure:5512: result: none required
configure:5582: checking sys/select.h usability
configure:5582: gcc -c   conftest.c >&5
configure:5582: $? = 0
configure:5582: result: yes
configure:5582: checking sys/select.h presence
configure:5582: gcc -E  conftest.c
configure:5582: $? = 0
configure:5582: result: yes
configure:5582: checking for sys/select.h
configure:5582: result: yes
configure:5582: checking sys/stdtypes.h usability
configure:5582: gcc -c   conftest.c >&5
conftest.c:60:26: fatal error: sys/stdtypes.h: No such file or directory
 #include <sys/stdtypes.h>
                          ^
compilation terminated.
configure:5582: $? = 1
configure: failed program was:
| /* confdefs.h */
| #define PACKAGE_NAME ""
| #define PACKAGE_TARNAME ""
| #define PACKAGE_VERSION ""
| #define PACKAGE_STRING ""
| #define PACKAGE_BUGREPORT ""
| #define PACKAGE_URL ""
| #define STDC_HEADERS 1
| #define HAVE_SYS_TYPES_H 1
| #define HAVE_SYS_STAT_H 1
| #define HAVE_STDLIB_H 1
| #define HAVE_STRING_H 1
| #define HAVE_MEMORY_H 1
| #define HAVE_STRINGS_H 1
| #define HAVE_INTTYPES_H 1
| #define HAVE_STDINT_H 1
| #define HAVE_UNISTD_H 1
| #define SIZEOF_SHORT 2
| #define SIZEOF_INT 4
| #define SIZEOF_LONG 8
| #define U16 unsigned short
| #define U32 unsigned
| #define U64 unsigned long
| #define HAVE_DIRENT_H 1
| #define HAVE_SYS_SELECT_H 1
| /* end confdefs.h.  */
| #include <stdio.h>
| #ifdef HAVE_SYS_TYPES_H
| # include <sys/types.h>
| #endif
| #ifdef HAVE_SYS_STAT_H
| # include <sys/stat.h>
| #endif
| #ifdef STDC_HEADERS
| # include <stdlib.h>
| # include <stddef.h>
| #else
| # ifdef HAVE_STDLIB_H
| #  include <stdlib.h>
| # endif
| #endif
| #ifdef HAVE_STRING_H
| # if !defined STDC_HEADERS && defined HAVE_MEMORY_H
| #  include <memory.h>
| # endif
| # include <string.h>
| #endif
| #ifdef HAVE_STRINGS_H
| # include <strings.h>
| #endif
| #ifdef HAVE_INTTYPES_H
| # include <inttypes.h>
| #endif
| #ifdef HAVE_STDINT_H
| # include <stdint.h>
| #endif
| #ifdef HAVE_UNISTD_H
| # include <unistd.h>
| #endif
| #include <sys/stdtypes.h>
configure:5582: result: no
configure:5582: checking sys/stdtypes.h presence
configure:5582: gcc -E  conftest.c
conftest.c:27:26: fatal error: sys/stdtypes.h: No such file or directory
 #include <sys/stdtypes.h>
                          ^
compilation terminated.
configure:5582: $? = 1
configure: failed program was:
| /* confdefs.h */
| #define PACKAGE_NAME ""
| #define PACKAGE_TARNAME ""
| #define PACKAGE_VERSION ""
| #define PACKAGE_STRING ""
| #define PACKAGE_BUGREPORT ""
| #define PACKAGE_URL ""
| #define STDC_HEADERS 1
| #define HAVE_SYS_TYPES_H 1
| #define HAVE_SYS_STAT_H 1
| #define HAVE_STDLIB_H 1
| #define HAVE_STRING_H 1
| #define HAVE_MEMORY_H 1
| #define HAVE_STRINGS_H 1
| #define HAVE_INTTYPES_H 1
| #define HAVE_STDINT_H 1
| #define HAVE_UNISTD_H 1
| #define SIZEOF_SHORT 2
| #define SIZEOF_INT 4
| #define SIZEOF_LONG 8
| #define U16 unsigned short
| #define U32 unsigned
| #define U64 unsigned long
| #define HAVE_DIRENT_H 1
| #define HAVE_SYS_SELECT_H 1
| /* end confdefs.h.  */
| #include <sys/stdtypes.h>
configure:5582: result: no
configure:5582: checking for sys/stdtypes.h
configure:5582: result: no
configure:5593: checking whether we have the POSIX compatible scandir() prototype
configure:5622: g++ -c   conftest.cpp >&5
configure:5622: $? = 0
configure:5636: result: yes
configure:5662: checking for vsnprintf
configure:5662: gcc -o conftest    conftest.c  >&5
conftest.c:52:6: warning: conflicting types for built-in function 'vsnprintf'
 char vsnprintf ();
      ^~~~~~~~~
configure:5662: $? = 0
configure:5662: result: yes
configure:5681: checking for snprintf
configure:5681: gcc -o conftest    conftest.c  >&5
conftest.c:53:6: warning: conflicting types for built-in function 'snprintf'
 char snprintf ();
      ^~~~~~~~
configure:5681: $? = 0
configure:5681: result: yes
configure:5702: checking for strings.h
configure:5702: result: yes
configure:5715: checking for strcasecmp
configure:5715: gcc -o conftest    conftest.c  >&5
conftest.c:55:6: warning: conflicting types for built-in function 'strcasecmp'
 char strcasecmp ();
      ^~~~~~~~~~
configure:5715: $? = 0
configure:5715: result: yes
configure:5715: checking for strlcat
configure:5715: gcc -o conftest    conftest.c  >&5
/tmp/ccvcUskm.o: In function `main':
conftest.c:(.text+0xa): undefined reference to `strlcat'
collect2: error: ld returned 1 exit status
configure:5715: $? = 1
configure: failed program was:
| /* confdefs.h */
| #define PACKAGE_NAME ""
| #define PACKAGE_TARNAME ""
| #define PACKAGE_VERSION ""
| #define PACKAGE_STRING ""
| #define PACKAGE_BUGREPORT ""
| #define PACKAGE_URL ""
| #define STDC_HEADERS 1
| #define HAVE_SYS_TYPES_H 1
| #define HAVE_SYS_STAT_H 1
| #define HAVE_STDLIB_H 1
| #define HAVE_STRING_H 1
| #define HAVE_MEMORY_H 1
| #define HAVE_STRINGS_H 1
| #define HAVE_INTTYPES_H 1
| #define HAVE_STDINT_H 1
| #define HAVE_UNISTD_H 1
| #define SIZEOF_SHORT 2
| #define SIZEOF_INT 4
| #define SIZEOF_LONG 8
| #define U16 unsigned short
| #define U32 unsigned
| #define U64 unsigned long
| #define HAVE_DIRENT_H 1
| #define HAVE_SYS_SELECT_H 1
| #define HAVE_SCANDIR 1
| #define HAVE_SCANDIR_POSIX 1
| #define HAVE_VSNPRINTF 1
| #define HAVE_SNPRINTF 1
| #define HAVE_STRINGS_H 1
| #define HAVE_STRCASECMP 1
| /* end confdefs.h.  */
| /* Define strlcat to an innocuous variant, in case <limits.h> declares strlcat.
|    For example, HP-UX 11i <limits.h> declares gettimeofday.  */
| #define strlcat innocuous_strlcat
| 
| /* System header to define __stub macros and hopefully few prototypes,
|     which can conflict with char strlcat (); below.
|     Prefer <limits.h> to <assert.h> if __STDC__ is defined, since
|     <limits.h> exists even on freestanding compilers.  */
| 
| #ifdef __STDC__
| # include <limits.h>
| #else
| # include <assert.h>
| #endif
| 
| #undef strlcat
| 
| /* Override any GCC internal prototype to avoid an error.
|    Use char because int might match the return type of a GCC
|    builtin and then its argument prototype would still apply.  */
| #ifdef __cplusplus
| extern "C"
| #endif
| char strlcat ();
| /* The GNU C library defines this for functions which it implements
|     to always fail with ENOSYS.  Some functions are actually named
|     something starting with __ and the normal name is an alias.  */
| #if defined __stub_strlcat || defined __stub___strlcat
| choke me
| #endif
| 
| int
| main ()
| {
| return strlcat ();
|   ;
|   return 0;
| }
configure:5715: result: no
configure:5715: checking for strlcpy
configure:5715: gcc -o conftest    conftest.c  >&5
/tmp/ccKMP22q.o: In function `main':
conftest.c:(.text+0xa): undefined reference to `strlcpy'
collect2: error: ld returned 1 exit status
configure:5715: $? = 1
configure: failed program was:
| /* confdefs.h */
| #define PACKAGE_NAME ""
| #define PACKAGE_TARNAME ""
| #define PACKAGE_VERSION ""
| #define PACKAGE_STRING ""
| #define PACKAGE_BUGREPORT ""
| #define PACKAGE_URL ""
| #define STDC_HEADERS 1
| #define HAVE_SYS_TYPES_H 1
| #define HAVE_SYS_STAT_H 1
| #define HAVE_STDLIB_H 1
| #define HAVE_STRING_H 1
| #define HAVE_MEMORY_H 1
| #define HAVE_STRINGS_H 1
| #define HAVE_INTTYPES_H 1
| #define HAVE_STDINT_H 1
| #define HAVE_UNISTD_H 1
| #define SIZEOF_SHORT 2
| #define SIZEOF_INT 4
| #define SIZEOF_LONG 8
| #define U16 unsigned short
| #define U32 unsigned
| #define U64 unsigned long
| #define HAVE_DIRENT_H 1
| #define HAVE_SYS_SELECT_H 1
| #define HAVE_SCANDIR 1
| #define HAVE_SCANDIR_POSIX 1
| #define HAVE_VSNPRINTF 1
| #define HAVE_SNPRINTF 1
| #define HAVE_STRINGS_H 1
| #define HAVE_STRCASECMP 1
| /* end confdefs.h.  */
| /* Define strlcpy to an innocuous variant, in case <limits.h> declares strlcpy.
|    For example, HP-UX 11i <limits.h> declares gettimeofday.  */
| #define strlcpy innocuous_strlcpy
| 
| /* System header to define __stub macros and hopefully few prototypes,
|     which can conflict with char strlcpy (); below.
|     Prefer <limits.h> to <assert.h> if __STDC__ is defined, since
|     <limits.h> exists even on freestanding compilers.  */
| 
| #ifdef __STDC__
| # include <limits.h>
| #else
| # include <assert.h>
| #endif
| 
| #undef strlcpy
| 
| /* Override any GCC internal prototype to avoid an error.
|    Use char because int might match the return type of a GCC
|    builtin and then its argument prototype would still apply.  */
| #ifdef __cplusplus
| extern "C"
| #endif
| char strlcpy ();
| /* The GNU C library defines this for functions which it implements
|     to always fail with ENOSYS.  Some functions are actually named
|     something starting with __ and the normal name is an alias.  */
| #if defined __stub_strlcpy || defined __stub___strlcpy
| choke me
| #endif
| 
| int
| main ()
| {
| return strlcpy ();
|   ;
|   return 0;
| }
configure:5715: result: no
configure:5727: checking locale.h usability
configure:5727: gcc -c   conftest.c >&5
configure:5727: $? = 0
configure:5727: result: yes
configure:5727: checking locale.h presence
configure:5727: gcc -E  conftest.c
configure:5727: $? = 0
configure:5727: result: yes
configure:5727: checking for locale.h
configure:5727: result: yes
configure:5739: checking for localeconv
configure:5739: gcc -o conftest    conftest.c  >&5
configure:5739: $? = 0
configure:5739: result: yes
configure:5749: checking for library containing pow
configure:5780: gcc -o conftest    conftest.c  >&5
conftest.c:42:6: warning: conflicting types for built-in function 'pow'
 char pow ();
      ^~~
/tmp/cce02siq.o: In function `main':
conftest.c:(.text+0xa): undefined reference to `pow'
collect2: error: ld returned 1 exit status
configure:5780: $? = 1
configure: failed program was:
| /* confdefs.h */
| #define PACKAGE_NAME ""
| #define PACKAGE_TARNAME ""
| #define PACKAGE_VERSION ""
| #define PACKAGE_STRING ""
| #define PACKAGE_BUGREPORT ""
| #define PACKAGE_URL ""
| #define STDC_HEADERS 1
| #define HAVE_SYS_TYPES_H 1
| #define HAVE_SYS_STAT_H 1
| #define HAVE_STDLIB_H 1
| #define HAVE_STRING_H 1
| #define HAVE_MEMORY_H 1
| #define HAVE_STRINGS_H 1
| #define HAVE_INTTYPES_H 1
| #define HAVE_STDINT_H 1
| #define HAVE_UNISTD_H 1
| #define SIZEOF_SHORT 2
| #define SIZEOF_INT 4
| #define SIZEOF_LONG 8
| #define U16 unsigned short
| #define U32 unsigned
| #define U64 unsigned long
| #define HAVE_DIRENT_H 1
| #define HAVE_SYS_SELECT_H 1
| #define HAVE_SCANDIR 1
| #define HAVE_SCANDIR_POSIX 1
| #define HAVE_VSNPRINTF 1
| #define HAVE_SNPRINTF 1
| #define HAVE_STRINGS_H 1
| #define HAVE_STRCASECMP 1
| #define HAVE_LOCALE_H 1
| #define HAVE_LOCALECONV 1
| /* end confdefs.h.  */
| 
| /* Override any GCC internal prototype to avoid an error.
|    Use char because int might match the return type of a GCC
|    builtin and then its argument prototype would still apply.  */
| #ifdef __cplusplus
| extern "C"
| #endif
| char pow ();
| int
| main ()
| {
| return pow ();
|   ;
|   return 0;
| }
configure:5780: gcc -o conftest    conftest.c -lm   >&5
conftest.c:42:6: warning: conflicting types for built-in function 'pow'
 char pow ();
      ^~~
configure:5780: $? = 0
configure:5797: result: -lm
configure:5813: checking for special C compiler options needed for large files
configure:5858: result: no
configure:5864: checking for _FILE_OFFSET_BITS value needed for large files
configure:5889: gcc -c   conftest.c >&5
configure:5889: $? = 0
configure:5921: result: no
configure:6021: checking for long long int
configure:6048: result: yes
configure:6056: checking for library containing dlsym
configure:6087: gcc -o conftest    conftest.c -lm  >&5
/tmp/cclX2XeA.o: In function `main':
conftest.c:(.text+0xa): undefined reference to `dlsym'
collect2: error: ld returned 1 exit status
configure:6087: $? = 1
configure: failed program was:
| /* confdefs.h */
| #define PACKAGE_NAME ""
| #define PACKAGE_TARNAME ""
| #define PACKAGE_VERSION ""
| #define PACKAGE_STRING ""
| #define PACKAGE_BUGREPORT ""
| #define PACKAGE_URL ""
| #define STDC_HEADERS 1
| #define HAVE_SYS_TYPES_H 1
| #define HAVE_SYS_STAT_H 1
| #define HAVE_STDLIB_H 1
| #define HAVE_STRING_H 1
| #define HAVE_MEMORY_H 1
| #define HAVE_STRINGS_H 1
| #define HAVE_INTTYPES_H 1
| #define HAVE_STDINT_H 1
| #define HAVE_UNISTD_H 1
| #define SIZEOF_SHORT 2
| #define SIZEOF_INT 4
| #define SIZEOF_LONG 8
| #define U16 unsigned short
| #define U32 unsigned
| #define U64 unsigned long
| #define HAVE_DIRENT_H 1
| #define HAVE_SYS_SELECT_H 1
| #define HAVE_SCANDIR 1
| #define HAVE_SCANDIR_POSIX 1
| #define HAVE_VSNPRINTF 1
| #define HAVE_SNPRINTF 1
| #define HAVE_STRINGS_H 1
| #define HAVE_STRCASECMP 1
| #define HAVE_LOCALE_H 1
| #define HAVE_LOCALECONV 1
| #define HAVE_LONG_LONG 1
| /* end confdefs.h.  */
| 
| /* Override any GCC internal prototype to avoid an error.
|    Use char because int might match the return type of a GCC
|    builtin and then its argument prototype would still apply.  */
| #ifdef __cplusplus
| extern "C"
| #endif
| char dlsym ();
| int
| main ()
| {
| return dlsym ();
|   ;
|   return 0;
| }
configure:6087: gcc -o conftest    conftest.c -ldl  -lm  >&5
configure:6087: $? = 0
configure:6104: result: -ldl
configure:6113: checking dlfcn.h usability
configure:6113: gcc -c   conftest.c >&5
configure:6113: $? = 0
configure:6113: result: yes
configure:6113: checking dlfcn.h presence
configure:6113: gcc -E  conftest.c
configure:6113: $? = 0
configure:6113: result: yes
configure:6113: checking for dlfcn.h
configure:6113: result: yes
configure:6133: checking alsa/asoundlib.h usability
configure:6133: gcc -c   conftest.c >&5
conftest.c:71:28: fatal error: alsa/asoundlib.h: No such file or directory
 #include <alsa/asoundlib.h>
                            ^
compilation terminated.
configure:6133: $? = 1
configure: failed program was:
| /* confdefs.h */
| #define PACKAGE_NAME ""
| #define PACKAGE_TARNAME ""
| #define PACKAGE_VERSION ""
| #define PACKAGE_STRING ""
| #define PACKAGE_BUGREPORT ""
| #define PACKAGE_URL ""
| #define STDC_HEADERS 1
| #define HAVE_SYS_TYPES_H 1
| #define HAVE_SYS_STAT_H 1
| #define HAVE_STDLIB_H 1
| #define HAVE_STRING_H 1
| #define HAVE_MEMORY_H 1
| #define HAVE_STRINGS_H 1
| #define HAVE_INTTYPES_H 1
| #define HAVE_STDINT_H 1
| #define HAVE_UNISTD_H 1
| #define SIZEOF_SHORT 2
| #define SIZEOF_INT 4
| #define SIZEOF_LONG 8
| #define U16 unsigned short
| #define U32 unsigned
| #define U64 unsigned long
| #define HAVE_DIRENT_H 1
| #define HAVE_SYS_SELECT_H 1
| #define HAVE_SCANDIR 1
| #define HAVE_SCANDIR_POSIX 1
| #define HAVE_VSNPRINTF 1
| #define HAVE_SNPRINTF 1
| #define HAVE_STRINGS_H 1
| #define HAVE_STRCASECMP 1
| #define HAVE_LOCALE_H 1
| #define HAVE_LOCALECONV 1
| #define HAVE_LONG_LONG 1
| #define HAVE_DLSYM 1
| #define HAVE_DLFCN_H 1
| /* end confdefs.h.  */
| #include <stdio.h>
| #ifdef HAVE_SYS_TYPES_H
| # include <sys/types.h>
| #endif
| #ifdef HAVE_SYS_STAT_H
| # include <sys/stat.h>
| #endif
| #ifdef STDC_HEADERS
| # include <stdlib.h>
| # include <stddef.h>
| #else
| # ifdef HAVE_STDLIB_H
| #  include <stdlib.h>
| # endif
| #endif
| #ifdef HAVE_STRING_H
| # if !defined STDC_HEADERS && defined HAVE_MEMORY_H
| #  include <memory.h>
| # endif
| # include <string.h>
| #endif
| #ifdef HAVE_STRINGS_H
| # include <strings.h>
| #endif
| #ifdef HAVE_INTTYPES_H
| # include <inttypes.h>
| #endif
| #ifdef HAVE_STDINT_H
| # include <stdint.h>
| #endif
| #ifdef HAVE_UNISTD_H
| # include <unistd.h>
| #endif
| #include <alsa/asoundlib.h>
configure:6133: result: no
configure:6133: checking alsa/asoundlib.h presence
configure:6133: gcc -E  conftest.c
conftest.c:38:28: fatal error: alsa/asoundlib.h: No such file or directory
 #include <alsa/asoundlib.h>
                            ^
compilation terminated.
configure:6133: $? = 1
configure: failed program was:
| /* confdefs.h */
| #define PACKAGE_NAME ""
| #define PACKAGE_TARNAME ""
| #define PACKAGE_VERSION ""
| #define PACKAGE_STRING ""
| #define PACKAGE_BUGREPORT ""
| #define PACKAGE_URL ""
| #define STDC_HEADERS 1
| #define HAVE_SYS_TYPES_H 1
| #define HAVE_SYS_STAT_H 1
| #define HAVE_STDLIB_H 1
| #define HAVE_STRING_H 1
| #define HAVE_MEMORY_H 1
| #define HAVE_STRINGS_H 1
| #define HAVE_INTTYPES_H 1
| #define HAVE_STDINT_H 1
| #define HAVE_UNISTD_H 1
| #define SIZEOF_SHORT 2
| #define SIZEOF_INT 4
| #define SIZEOF_LONG 8
| #define U16 unsigned short
| #define U32 unsigned
| #define U64 unsigned long
| #define HAVE_DIRENT_H 1
| #define HAVE_SYS_SELECT_H 1
| #define HAVE_SCANDIR 1
| #define HAVE_SCANDIR_POSIX 1
| #define HAVE_VSNPRINTF 1
| #define HAVE_SNPRINTF 1
| #define HAVE_STRINGS_H 1
| #define HAVE_STRCASECMP 1
| #define HAVE_LOCALE_H 1
| #define HAVE_LOCALECONV 1
| #define HAVE_LONG_LONG 1
| #define HAVE_DLSYM 1
| #define HAVE_DLFCN_H 1
| /* end confdefs.h.  */
| #include <alsa/asoundlib.h>
configure:6133: result: no
configure:6133: checking for alsa/asoundlib.h
configure:6133: result: no
configure:6165: checking for jpeg_CreateCompress in -ljpeg
configure:6190: gcc -o conftest    conftest.c -ljpeg  -ldl -lm  >&5
/usr/bin/ld: cannot find -ljpeg
collect2: error: ld returned 1 exit status
configure:6190: $? = 1
configure: failed program was:
| /* confdefs.h */
| #define PACKAGE_NAME ""
| #define PACKAGE_TARNAME ""
| #define PACKAGE_VERSION ""
| #define PACKAGE_STRING ""
| #define PACKAGE_BUGREPORT ""
| #define PACKAGE_URL ""
| #define STDC_HEADERS 1
| #define HAVE_SYS_TYPES_H 1
| #define HAVE_SYS_STAT_H 1
| #define HAVE_STDLIB_H 1
| #define HAVE_STRING_H 1
| #define HAVE_MEMORY_H 1
| #define HAVE_STRINGS_H 1
| #define HAVE_INTTYPES_H 1
| #define HAVE_STDINT_H 1
| #define HAVE_UNISTD_H 1
| #define SIZEOF_SHORT 2
| #define SIZEOF_INT 4
| #define SIZEOF_LONG 8
| #define U16 unsigned short
| #define U32 unsigned
| #define U64 unsigned long
| #define HAVE_DIRENT_H 1
| #define HAVE_SYS_SELECT_H 1
| #define HAVE_SCANDIR 1
| #define HAVE_SCANDIR_POSIX 1
| #define HAVE_VSNPRINTF 1
| #define HAVE_SNPRINTF 1
| #define HAVE_STRINGS_H 1
| #define HAVE_STRCASECMP 1
| #define HAVE_LOCALE_H 1
| #define HAVE_LOCALECONV 1
| #define HAVE_LONG_LONG 1
| #define HAVE_DLSYM 1
| #define HAVE_DLFCN_H 1
| /* end confdefs.h.  */
| 
| /* Override any GCC internal prototype to avoid an error.
|    Use char because int might match the return type of a GCC
|    builtin and then its argument prototype would still apply.  */
| #ifdef __cplusplus
| extern "C"
| #endif
| char jpeg_CreateCompress ();
| int
| main ()
| {
| return jpeg_CreateCompress ();
|   ;
|   return 0;
| }
configure:6199: result: no
configure:6249: checking for gzgets in -lz
configure:6274: gcc -o conftest    conftest.c -lz  -ldl -lm  >&5
/usr/bin/ld: cannot find -lz
collect2: error: ld returned 1 exit status
configure:6274: $? = 1
configure: failed program was:
| /* confdefs.h */
| #define PACKAGE_NAME ""
| #define PACKAGE_TARNAME ""
| #define PACKAGE_VERSION ""
| #define PACKAGE_STRING ""
| #define PACKAGE_BUGREPORT ""
| #define PACKAGE_URL ""
| #define STDC_HEADERS 1
| #define HAVE_SYS_TYPES_H 1
| #define HAVE_SYS_STAT_H 1
| #define HAVE_STDLIB_H 1
| #define HAVE_STRING_H 1
| #define HAVE_MEMORY_H 1
| #define HAVE_STRINGS_H 1
| #define HAVE_INTTYPES_H 1
| #define HAVE_STDINT_H 1
| #define HAVE_UNISTD_H 1
| #define SIZEOF_SHORT 2
| #define SIZEOF_INT 4
| #define SIZEOF_LONG 8
| #define U16 unsigned short
| #define U32 unsigned
| #define U64 unsigned long
| #define HAVE_DIRENT_H 1
| #define HAVE_SYS_SELECT_H 1
| #define HAVE_SCANDIR 1
| #define HAVE_SCANDIR_POSIX 1
| #define HAVE_VSNPRINTF 1
| #define HAVE_SNPRINTF 1
| #define HAVE_STRINGS_H 1
| #define HAVE_STRCASECMP 1
| #define HAVE_LOCALE_H 1
| #define HAVE_LOCALECONV 1
| #define HAVE_LONG_LONG 1
| #define HAVE_DLSYM 1
| #define HAVE_DLFCN_H 1
| #define HAVE_LIBJPEG 1
| /* end confdefs.h.  */
| 
| /* Override any GCC internal prototype to avoid an error.
|    Use char because int might match the return type of a GCC
|    builtin and then its argument prototype would still apply.  */
| #ifdef __cplusplus
| extern "C"
| #endif
| char gzgets ();
| int
| main ()
| {
| return gzgets ();
|   ;
|   return 0;
| }
configure:6283: result: no
configure:6337: checking for png_read_info in -lpng
configure:6362: gcc -o conftest    conftest.c -lpng  -lfltk_z -ldl -lm  >&5
/usr/bin/ld: cannot find -lpng
/usr/bin/ld: cannot find -lfltk_z
collect2: error: ld returned 1 exit status
configure:6362: $? = 1
configure: failed program was:
| /* confdefs.h */
| #define PACKAGE_NAME ""
| #define PACKAGE_TARNAME ""
| #define PACKAGE_VERSION ""
| #define PACKAGE_STRING ""
| #define PACKAGE_BUGREPORT ""
| #define PACKAGE_URL ""
| #define STDC_HEADERS 1
| #define HAVE_SYS_TYPES_H 1
| #define HAVE_SYS_STAT_H 1
| #define HAVE_STDLIB_H 1
| #define HAVE_STRING_H 1
| #define HAVE_MEMORY_H 1
| #define HAVE_STRINGS_H 1
| #define HAVE_INTTYPES_H 1
| #define HAVE_STDINT_H 1
| #define HAVE_UNISTD_H 1
| #define SIZEOF_SHORT 2
| #define SIZEOF_INT 4
| #define SIZEOF_LONG 8
| #define U16 unsigned short
| #define U32 unsigned
| #define U64 unsigned long
| #define HAVE_DIRENT_H 1
| #define HAVE_SYS_SELECT_H 1
| #define HAVE_SCANDIR 1
| #define HAVE_SCANDIR_POSIX 1
| #define HAVE_VSNPRINTF 1
| #define HAVE_SNPRINTF 1
| #define HAVE_STRINGS_H 1
| #define HAVE_STRCASECMP 1
| #define HAVE_LOCALE_H 1
| #define HAVE_LOCALECONV 1
| #define HAVE_LONG_LONG 1
| #define HAVE_DLSYM 1
| #define HAVE_DLFCN_H 1
| #define HAVE_LIBJPEG 1
| #define HAVE_LIBZ 1
| /* end confdefs.h.  */
| 
| /* Override any GCC internal prototype to avoid an error.
|    Use char because int might match the return type of a GCC
|    builtin and then its argument prototype would still apply.  */
| #ifdef __cplusplus
| extern "C"
| #endif
| char png_read_info ();
| int
| main ()
| {
| return png_read_info ();
|   ;
|   return 0;
| }
configure:6371: result: no
configure:6538: checking pthread.h usability
configure:6538: gcc -c   conftest.c >&5
configure:6538: $? = 0
configure:6538: result: yes
configure:6538: checking pthread.h presence
configure:6538: gcc -E  conftest.c
configure:6538: $? = 0
configure:6538: result: yes
configure:6538: checking for pthread.h
configure:6538: result: yes
configure:6551: checking for pthread_create using -lpthreads
configure:6566: gcc -o conftest    conftest.c -lpthreads -ldl -lm  >&5
conftest.c: In function 'main':
conftest.c:49:1: warning: null argument where non-null required (argument 1) [-Wnonnull]
 pthread_create(0, 0, 0, 0);
 ^~~~~~~~~~~~~~
conftest.c:49:1: warning: null argument where non-null required (argument 3) [-Wnonnull]
/usr/bin/ld: cannot find -lpthreads
collect2: error: ld returned 1 exit status
configure:6566: $? = 1
configure: failed program was:
| /* confdefs.h */
| #define PACKAGE_NAME ""
| #define PACKAGE_TARNAME ""
| #define PACKAGE_VERSION ""
| #define PACKAGE_STRING ""
| #define PACKAGE_BUGREPORT ""
| #define PACKAGE_URL ""
| #define STDC_HEADERS 1
| #define HAVE_SYS_TYPES_H 1
| #define HAVE_SYS_STAT_H 1
| #define HAVE_STDLIB_H 1
| #define HAVE_STRING_H 1
| #define HAVE_MEMORY_H 1
| #define HAVE_STRINGS_H 1
| #define HAVE_INTTYPES_H 1
| #define HAVE_STDINT_H 1
| #define HAVE_UNISTD_H 1
| #define SIZEOF_SHORT 2
| #define SIZEOF_INT 4
| #define SIZEOF_LONG 8
| #define U16 unsigned short
| #define U32 unsigned
| #define U64 unsigned long
| #define HAVE_DIRENT_H 1
| #define HAVE_SYS_SELECT_H 1
| #define HAVE_SCANDIR 1
| #define HAVE_SCANDIR_POSIX 1
| #define HAVE_VSNPRINTF 1
| #define HAVE_SNPRINTF 1
| #define HAVE_STRINGS_H 1
| #define HAVE_STRCASECMP 1
| #define HAVE_LOCALE_H 1
| #define HAVE_LOCALECONV 1
| #define HAVE_LONG_LONG 1
| #define HAVE_DLSYM 1
| #define HAVE_DLFCN_H 1
| #define HAVE_LIBJPEG 1
| #define HAVE_LIBZ 1
| #define HAVE_LIBPNG 1
| #define HAVE_PNG_H 1
| #define HAVE_PNG_GET_VALID 1
| #define HAVE_PNG_SET_TRNS_TO_ALPHA 1
| #define HAVE_PTHREAD_H 1
| /* end confdefs.h.  */
| #include <pthread.h>
| int
| main ()
| {
| pthread_create(0, 0, 0, 0);
|   ;
|   return 0;
| }
configure:6573: result: no
configure:6551: checking for pthread_create using -lpthread
configure:6566: gcc -o conftest    conftest.c -lpthread -ldl -lm  >&5
conftest.c: In function 'main':
conftest.c:49:1: warning: null argument where non-null required (argument 1) [-Wnonnull]
 pthread_create(0, 0, 0, 0);
 ^~~~~~~~~~~~~~
conftest.c:49:1: warning: null argument where non-null required (argument 3) [-Wnonnull]
configure:6566: $? = 0
configure:6573: result: yes
configure:6715: checking for X
configure:6823: gcc -E  conftest.c
configure:6823: $? = 0
configure:6854: gcc -o conftest    conftest.c -lX11 -lpthread -ldl -lm  >&5
configure:6854: $? = 0
configure:6904: result: libraries , headers 
configure:7003: gcc -o conftest    conftest.c -lpthread -ldl -lm   -lX11 >&5
configure:7003: $? = 0
configure:7101: checking for gethostbyname
configure:7101: gcc -o conftest    conftest.c -lpthread -ldl -lm  >&5
configure:7101: $? = 0
configure:7101: result: yes
configure:7198: checking for connect
configure:7198: gcc -o conftest    conftest.c -lpthread -ldl -lm  >&5
configure:7198: $? = 0
configure:7198: result: yes
configure:7247: checking for remove
configure:7247: gcc -o conftest    conftest.c -lpthread -ldl -lm  >&5
configure:7247: $? = 0
configure:7247: result: yes
configure:7296: checking for shmat
configure:7296: gcc -o conftest    conftest.c -lpthread -ldl -lm  >&5
configure:7296: $? = 0
configure:7296: result: yes
configure:7354: checking for IceConnectionNumber in -lICE
configure:7379: gcc -o conftest    conftest.c -lICE  -lpthread -ldl -lm  >&5
/usr/bin/ld: cannot find -lICE
collect2: error: ld returned 1 exit status
configure:7379: $? = 1
configure: failed program was:
| /* confdefs.h */
| #define PACKAGE_NAME ""
| #define PACKAGE_TARNAME ""
| #define PACKAGE_VERSION ""
| #define PACKAGE_STRING ""
| #define PACKAGE_BUGREPORT ""
| #define PACKAGE_URL ""
| #define STDC_HEADERS 1
| #define HAVE_SYS_TYPES_H 1
| #define HAVE_SYS_STAT_H 1
| #define HAVE_STDLIB_H 1
| #define HAVE_STRING_H 1
| #define HAVE_MEMORY_H 1
| #define HAVE_STRINGS_H 1
| #define HAVE_INTTYPES_H 1
| #define HAVE_STDINT_H 1
| #define HAVE_UNISTD_H 1
| #define SIZEOF_SHORT 2
| #define SIZEOF_INT 4
| #define SIZEOF_LONG 8
| #define U16 unsigned short
| #define U32 unsigned
| #define U64 unsigned long
| #define HAVE_DIRENT_H 1
| #define HAVE_SYS_SELECT_H 1
| #define HAVE_SCANDIR 1
| #define HAVE_SCANDIR_POSIX 1
| #define HAVE_VSNPRINTF 1
| #define HAVE_SNPRINTF 1
| #define HAVE_STRINGS_H 1
| #define HAVE_STRCASECMP 1
| #define HAVE_LOCALE_H 1
| #define HAVE_LOCALECONV 1
| #define HAVE_LONG_LONG 1
| #define HAVE_DLSYM 1
| #define HAVE_DLFCN_H 1
| #define HAVE_LIBJPEG 1
| #define HAVE_LIBZ 1
| #define HAVE_LIBPNG 1
| #define HAVE_PNG_H 1
| #define HAVE_PNG_GET_VALID 1
| #define HAVE_PNG_SET_TRNS_TO_ALPHA 1
| #define HAVE_PTHREAD_H 1
| #define HAVE_PTHREAD 1
| #define HAVE_PTHREAD 1
| /* end confdefs.h.  */
| 
| /* Override any GCC internal prototype to avoid an error.
|    Use char because int might match the return type of a GCC
|    builtin and then its argument prototype would still apply.  */
| #ifdef __cplusplus
| extern "C"
| #endif
| char IceConnectionNumber ();
| int
| main ()
| {
| return IceConnectionNumber ();
|   ;
|   return 0;
| }
configure:7388: result: no
configure:7422: checking for library containing dlopen
configure:7453: gcc -o conftest      conftest.c -lpthread -ldl -lm  -lX11  >&5
configure:7453: $? = 0
configure:7470: result: none required
configure:7478: checking GL/gl.h usability
configure:7478: gcc -c    conftest.c >&5
configure:7478: $? = 0
configure:7478: result: yes
configure:7478: checking GL/gl.h presence
configure:7478: gcc -E  conftest.c
configure:7478: $? = 0
configure:7478: result: yes
configure:7478: checking for GL/gl.h
configure:7478: result: yes
configure:7480: checking for glXMakeCurrent in -lGL
configure:7505: gcc -o conftest      conftest.c -lGL -lm -lpthread -ldl -lm  -lX11  >&5
configure:7505: $? = 0
configure:7514: result: yes
configure:7565: checking for glXGetProcAddressARB in -lGL
configure:7590: gcc -o conftest      conftest.c -lGL -lm -lpthread -ldl -lm  -lX11  >&5
configure:7590: $? = 0
configure:7599: result: yes
configure:7610: checking GL/glu.h usability
configure:7610: gcc -c    conftest.c >&5
configure:7610: $? = 0
configure:7610: result: yes
configure:7610: checking GL/glu.h presence
configure:7610: gcc -E  conftest.c
configure:7610: $? = 0
configure:7610: result: yes
configure:7610: checking for GL/glu.h
configure:7610: result: yes
configure:7646: checking for XineramaIsActive in -lXinerama
configure:7671: gcc -o conftest      conftest.c -lXinerama  -lpthread -ldl -lm  -lX11  >&5
/usr/bin/ld: cannot find -lXinerama
collect2: error: ld returned 1 exit status
configure:7671: $? = 1
configure: failed program was:
| /* confdefs.h */
| #define PACKAGE_NAME ""
| #define PACKAGE_TARNAME ""
| #define PACKAGE_VERSION ""
| #define PACKAGE_STRING ""
| #define PACKAGE_BUGREPORT ""
| #define PACKAGE_URL ""
| #define STDC_HEADERS 1
| #define HAVE_SYS_TYPES_H 1
| #define HAVE_SYS_STAT_H 1
| #define HAVE_STDLIB_H 1
| #define HAVE_STRING_H 1
| #define HAVE_MEMORY_H 1
| #define HAVE_STRINGS_H 1
| #define HAVE_INTTYPES_H 1
| #define HAVE_STDINT_H 1
| #define HAVE_UNISTD_H 1
| #define SIZEOF_SHORT 2
| #define SIZEOF_INT 4
| #define SIZEOF_LONG 8
| #define U16 unsigned short
| #define U32 unsigned
| #define U64 unsigned long
| #define HAVE_DIRENT_H 1
| #define HAVE_SYS_SELECT_H 1
| #define HAVE_SCANDIR 1
| #define HAVE_SCANDIR_POSIX 1
| #define HAVE_VSNPRINTF 1
| #define HAVE_SNPRINTF 1
| #define HAVE_STRINGS_H 1
| #define HAVE_STRCASECMP 1
| #define HAVE_LOCALE_H 1
| #define HAVE_LOCALECONV 1
| #define HAVE_LONG_LONG 1
| #define HAVE_DLSYM 1
| #define HAVE_DLFCN_H 1
| #define HAVE_LIBJPEG 1
| #define HAVE_LIBZ 1
| #define HAVE_LIBPNG 1
| #define HAVE_PNG_H 1
| #define HAVE_PNG_GET_VALID 1
| #define HAVE_PNG_SET_TRNS_TO_ALPHA 1
| #define HAVE_PTHREAD_H 1
| #define HAVE_PTHREAD 1
| #define HAVE_PTHREAD 1
| #define USE_X11 1
| #define HAVE_GL 1
| #define HAVE_GLXGETPROCADDRESSARB 1
| #define HAVE_GL_GLU_H 1
| /* end confdefs.h.  */
| 
| /* Override any GCC internal prototype to avoid an error.
|    Use char because int might match the return type of a GCC
|    builtin and then its argument prototype would still apply.  */
| #ifdef __cplusplus
| extern "C"
| #endif
| char XineramaIsActive ();
| int
| main ()
| {
| return XineramaIsActive ();
|   ;
|   return 0;
| }
configure:7680: result: no
configure:7701: checking for freetype-config
configure:7734: result: no
configure:7842: WARNING: could not find the required Xft headers and/or libraries.
configure:7844: please install Xft headers and libraries or use 'configure --disable-xft'.
configure:7859: checking for X11/extensions/Xdbe.h
configure:7859: gcc -c    conftest.c >&5
configure:7859: $? = 0
configure:7859: result: yes
configure:7862: checking for XdbeQueryExtension in -lXext
configure:7887: gcc -o conftest      conftest.c -lXext  -lpthread -ldl -lm  -lX11  >&5
configure:7887: $? = 0
configure:7896: result: yes
configure:7918: checking for X11/extensions/Xfixes.h
configure:7918: gcc -c    conftest.c >&5
configure:7918: $? = 0
configure:7918: result: yes
configure:7921: checking for XFixesQueryExtension in -lXfixes
configure:7946: gcc -o conftest      conftest.c -lXfixes  -lXext -lpthread -ldl -lm  -lX11  >&5
configure:7946: $? = 0
configure:7955: result: yes
configure:7977: checking for X11/Xcursor/Xcursor.h
configure:7977: gcc -c    conftest.c >&5
conftest.c:55:33: fatal error: X11/Xcursor/Xcursor.h: No such file or directory
 #include <X11/Xcursor/Xcursor.h>
                                 ^
compilation terminated.
configure:7977: $? = 1
configure: failed program was:
| /* confdefs.h */
| #define PACKAGE_NAME ""
| #define PACKAGE_TARNAME ""
| #define PACKAGE_VERSION ""
| #define PACKAGE_STRING ""
| #define PACKAGE_BUGREPORT ""
| #define PACKAGE_URL ""
| #define STDC_HEADERS 1
| #define HAVE_SYS_TYPES_H 1
| #define HAVE_SYS_STAT_H 1
| #define HAVE_STDLIB_H 1
| #define HAVE_STRING_H 1
| #define HAVE_MEMORY_H 1
| #define HAVE_STRINGS_H 1
| #define HAVE_INTTYPES_H 1
| #define HAVE_STDINT_H 1
| #define HAVE_UNISTD_H 1
| #define SIZEOF_SHORT 2
| #define SIZEOF_INT 4
| #define SIZEOF_LONG 8
| #define U16 unsigned short
| #define U32 unsigned
| #define U64 unsigned long
| #define HAVE_DIRENT_H 1
| #define HAVE_SYS_SELECT_H 1
| #define HAVE_SCANDIR 1
| #define HAVE_SCANDIR_POSIX 1
| #define HAVE_VSNPRINTF 1
| #define HAVE_SNPRINTF 1
| #define HAVE_STRINGS_H 1
| #define HAVE_STRCASECMP 1
| #define HAVE_LOCALE_H 1
| #define HAVE_LOCALECONV 1
| #define HAVE_LONG_LONG 1
| #define HAVE_DLSYM 1
| #define HAVE_DLFCN_H 1
| #define HAVE_LIBJPEG 1
| #define HAVE_LIBZ 1
| #define HAVE_LIBPNG 1
| #define HAVE_PNG_H 1
| #define HAVE_PNG_GET_VALID 1
| #define HAVE_PNG_SET_TRNS_TO_ALPHA 1
| #define HAVE_PTHREAD_H 1
| #define HAVE_PTHREAD 1
| #define HAVE_PTHREAD 1
| #define USE_X11 1
| #define HAVE_GL 1
| #define HAVE_GLXGETPROCADDRESSARB 1
| #define HAVE_GL_GLU_H 1
| #define HAVE_XDBE 1
| #define HAVE_XFIXES 1
| /* end confdefs.h.  */
| #include <X11/Xlib.h>
| 
| #include <X11/Xcursor/Xcursor.h>
configure:7977: result: no
configure:8036: checking for X11/extensions/Xrender.h
configure:8036: gcc -c    conftest.c >&5
conftest.c:55:36: fatal error: X11/extensions/Xrender.h: No such file or directory
 #include <X11/extensions/Xrender.h>
                                    ^
compilation terminated.
configure:8036: $? = 1
configure: failed program was:
| /* confdefs.h */
| #define PACKAGE_NAME ""
| #define PACKAGE_TARNAME ""
| #define PACKAGE_VERSION ""
| #define PACKAGE_STRING ""
| #define PACKAGE_BUGREPORT ""
| #define PACKAGE_URL ""
| #define STDC_HEADERS 1
| #define HAVE_SYS_TYPES_H 1
| #define HAVE_SYS_STAT_H 1
| #define HAVE_STDLIB_H 1
| #define HAVE_STRING_H 1
| #define HAVE_MEMORY_H 1
| #define HAVE_STRINGS_H 1
| #define HAVE_INTTYPES_H 1
| #define HAVE_STDINT_H 1
| #define HAVE_UNISTD_H 1
| #define SIZEOF_SHORT 2
| #define SIZEOF_INT 4
| #define SIZEOF_LONG 8
| #define U16 unsigned short
| #define U32 unsigned
| #define U64 unsigned long
| #define HAVE_DIRENT_H 1
| #define HAVE_SYS_SELECT_H 1
| #define HAVE_SCANDIR 1
| #define HAVE_SCANDIR_POSIX 1
| #define HAVE_VSNPRINTF 1
| #define HAVE_SNPRINTF 1
| #define HAVE_STRINGS_H 1
| #define HAVE_STRCASECMP 1
| #define HAVE_LOCALE_H 1
| #define HAVE_LOCALECONV 1
| #define HAVE_LONG_LONG 1
| #define HAVE_DLSYM 1
| #define HAVE_DLFCN_H 1
| #define HAVE_LIBJPEG 1
| #define HAVE_LIBZ 1
| #define HAVE_LIBPNG 1
| #define HAVE_PNG_H 1
| #define HAVE_PNG_GET_VALID 1
| #define HAVE_PNG_SET_TRNS_TO_ALPHA 1
| #define HAVE_PTHREAD_H 1
| #define HAVE_PTHREAD 1
| #define HAVE_PTHREAD 1
| #define USE_X11 1
| #define HAVE_GL 1
| #define HAVE_GLXGETPROCADDRESSARB 1
| #define HAVE_GL_GLU_H 1
| #define HAVE_XDBE 1
| #define HAVE_XFIXES 1
| /* end confdefs.h.  */
| #include <X11/Xlib.h>
| 
| #include <X11/extensions/Xrender.h>
configure:8036: result: no
configure:8087: checking for X11/Xregion.h
configure:8087: gcc -c    conftest.c >&5
configure:8087: $? = 0
configure:8087: result: yes
configure:8098: checking for xprop
configure:8116: found /usr/bin/xprop
configure:8128: result: /usr/bin/xprop
configure:8136: checking for X overlay visuals
configure:8151: result: no
configure:8298: checking if GCC supports -fno-exceptions
configure:8313: gcc -c   -fno-exceptions  conftest.c >&5
configure:8313: $? = 0
configure:8315: result: yes
configure:8325: checking if GCC supports -fno-strict-aliasing
configure:8340: gcc -c   -fno-strict-aliasing  conftest.c >&5
configure:8340: $? = 0
configure:8342: result: yes
configure:8352: checking if ld supports -no-undefined
configure:8367: gcc -o conftest      -Wl,-no-undefined conftest.c -lXfixes -lXext -lpthread -ldl -lm  -lX11  >&5
configure:8367: $? = 0
configure:8369: result: yes
configure:8380: checking if ld supports -Bsymbolic-functions
configure:8395: gcc -o conftest      -Wl,-Bsymbolic-functions conftest.c -lXfixes -lXext -lpthread -ldl -lm  -lX11  >&5
configure:8395: $? = 0
configure:8397: result: yes
configure:8408: checking if toolchain supports sections
configure:8425: gcc -o conftest   -ffunction-sections -fdata-sections    -Wl,-gc-sections conftest.c -lXfixes -lXext -lpthread -ldl -lm  -lX11  >&5
configure:8425: $? = 0
configure:8428: result: yes
configure:8832: creating ./config.status

## ---------------------- ##
## Running config.status. ##
## ---------------------- ##

This file was extended by config.status, which was
generated by GNU Autoconf 2.69.  Invocation command line was

  CONFIG_FILES    = 
  CONFIG_HEADERS  = 
  CONFIG_LINKS    = 
  CONFIG_COMMANDS = 
  $ ./config.status 

on kalpathi-3112-VB1

config.status:931: creating makeinclude
config.status:931: creating fltk.list
config.status:931: creating fltk-config
config.status:931: creating fltk.spec
config.status:931: creating FL/Makefile
config.status:931: creating config.h
config.status:931: creating FL/abi-version.h

## ---------------- ##
## Cache variables. ##
## ---------------- ##

ac_cv_build=x86_64-unknown-linux-gnu
ac_cv_c_bigendian=no
ac_cv_c_compiler_gnu=yes
ac_cv_c_long_long=yes
ac_cv_cxx_bool=yes
ac_cv_cxx_compiler_gnu=yes
ac_cv_cxx_scandir_posix=yes
ac_cv_env_CCC_set=
ac_cv_env_CCC_value=
ac_cv_env_CC_set=
ac_cv_env_CC_value=
ac_cv_env_CFLAGS_set=
ac_cv_env_CFLAGS_value=
ac_cv_env_CPPFLAGS_set=
ac_cv_env_CPPFLAGS_value=
ac_cv_env_CPP_set=
ac_cv_env_CPP_value=
ac_cv_env_CXXFLAGS_set=
ac_cv_env_CXXFLAGS_value=
ac_cv_env_CXX_set=
ac_cv_env_CXX_value=
ac_cv_env_LDFLAGS_set=
ac_cv_env_LDFLAGS_value=
ac_cv_env_LIBS_set=
ac_cv_env_LIBS_value=
ac_cv_env_XMKMF_set=
ac_cv_env_XMKMF_value=
ac_cv_env_build_alias_set=
ac_cv_env_build_alias_value=
ac_cv_env_host_alias_set=
ac_cv_env_host_alias_value=
ac_cv_env_target_alias_set=
ac_cv_env_target_alias_value=
ac_cv_func_connect=yes
ac_cv_func_gethostbyname=yes
ac_cv_func_localeconv=yes
ac_cv_func_remove=yes
ac_cv_func_shmat=yes
ac_cv_func_snprintf=yes
ac_cv_func_strcasecmp=yes
ac_cv_func_strlcat=no
ac_cv_func_strlcpy=no
ac_cv_func_vsnprintf=yes
ac_cv_have_overlay=no
ac_cv_have_x='have_x=yes	ac_x_includes='\'''\''	ac_x_libraries='\'''\'''
ac_cv_header_GL_gl_h=yes
ac_cv_header_GL_glu_h=yes
ac_cv_header_X11_Xcursor_Xcursor_h=no
ac_cv_header_X11_Xregion_h=yes
ac_cv_header_X11_extensions_Xdbe_h=yes
ac_cv_header_X11_extensions_Xfixes_h=yes
ac_cv_header_X11_extensions_Xrender_h=no
ac_cv_header_alsa_asoundlib_h=no
ac_cv_header_dirent_dirent_h=yes
ac_cv_header_dlfcn_h=yes
ac_cv_header_inttypes_h=yes
ac_cv_header_locale_h=yes
ac_cv_header_memory_h=yes
ac_cv_header_pthread_h=yes
ac_cv_header_stdc=yes
ac_cv_header_stdint_h=yes
ac_cv_header_stdlib_h=yes
ac_cv_header_string_h=yes
ac_cv_header_strings_h=yes
ac_cv_header_sys_select_h=yes
ac_cv_header_sys_stat_h=yes
ac_cv_header_sys_stdtypes_h=no
ac_cv_header_sys_types_h=yes
ac_cv_header_unistd_h=yes
ac_cv_host=x86_64-unknown-linux-gnu
ac_cv_lib_GL_glXGetProcAddressARB=yes
ac_cv_lib_GL_glXMakeCurrent=yes
ac_cv_lib_ICE_IceConnectionNumber=no
ac_cv_lib_Xext_XdbeQueryExtension=yes
ac_cv_lib_Xfixes_XFixesQueryExtension=yes
ac_cv_lib_Xinerama_XineramaIsActive=no
ac_cv_lib_jpeg_jpeg_CreateCompress=no
ac_cv_lib_png_png_read_info=no
ac_cv_lib_z_gzgets=no
ac_cv_objext=o
ac_cv_path_DOXYDOC=/usr/bin/doxygen
ac_cv_path_EGREP='/bin/grep -E'
ac_cv_path_GREP=/bin/grep
ac_cv_path_NROFF=/usr/bin/nroff
ac_cv_path_XPROP=/usr/bin/xprop
ac_cv_path_ac_pt_AR=/usr/bin/ar
ac_cv_path_install='/usr/bin/install -c'
ac_cv_prog_CPP='gcc -E'
ac_cv_prog_ac_ct_CC=gcc
ac_cv_prog_ac_ct_CXX=g++
ac_cv_prog_ac_ct_RANLIB=ranlib
ac_cv_prog_cc_c89=
ac_cv_prog_cc_g=yes
ac_cv_prog_cxx_g=yes
ac_cv_search_dlopen='none required'
ac_cv_search_dlsym=-ldl
ac_cv_search_opendir='none required'
ac_cv_search_pow=-lm
ac_cv_sizeof_int=4
ac_cv_sizeof_long=8
ac_cv_sizeof_short=2
ac_cv_sys_file_offset_bits=no
ac_cv_sys_largefile_CC=no

## ----------------- ##
## Output variables. ##
## ----------------- ##

AR='/usr/bin/ar'
ARCHFLAGS=''
AUDIOLIBS=''
BINARY_DIR=''
CAIRODIR=''
CAIRODSONAME=''
CAIROFLAGS=''
CAIROLIBBASENAME='libfltk_cairo.a'
CAIROLIBNAME='../lib/libfltk_cairo.a'
CAIROLIBS=''
CAT1EXT='1'
CAT3EXT='3'
CAT6EXT='6'
CC='gcc'
CFLAGS=' '
CPP='gcc -E'
CPPFLAGS=''
CXX='g++'
CXXFLAGS=' '
DEFS='-DHAVE_CONFIG_H'
DOXYDOC='/usr/bin/doxygen'
DSOCOMMAND='echo'
DSOFLAGS='  -Wl,-no-undefined -Wl,-Bsymbolic-functions -Wl,-gc-sections'
DSOLINK=''
DSONAME=''
ECHO_C=''
ECHO_N='-n'
ECHO_T=''
EGREP='/bin/grep -E'
EXEEXT=''
FLDSONAME=''
FLLIBBASENAME='libfltk_forms.a'
FLLIBNAME='../lib/libfltk_forms.a'
FLTKCAIROOPTION=''
FLUID='fluid'
FL_ABI_VERSION='1.3.0'
FL_DSO_VERSION='1.3'
FL_MAJOR_VERSION='1'
FL_MINOR_VERSION='3'
FL_PATCH_VERSION='4'
FL_VERSION='1.3.4'
FTCONFIG=''
GLDEMOS='gldemos'
GLDSONAME=''
GLLIB='-lGLU -lGL'
GLLIBBASENAME='libfltk_gl.a'
GLLIBNAME='../lib/libfltk_gl.a'
GREP='/bin/grep'
GROFF=''
HLINKS='#'
IMAGELIBS='-lfltk_png -lfltk_z -lfltk_jpeg '
IMGDSONAME=''
IMGLIBBASENAME='libfltk_images.a'
IMGLIBNAME='../lib/libfltk_images.a'
INSTALL_DATA='${INSTALL} -m 644'
INSTALL_DESKTOP='install-linux'
INSTALL_PROGRAM='${INSTALL}'
INSTALL_SCRIPT='${INSTALL}'
JPEG='jpeg'
JPEGINC='-I../jpeg'
LARGEFILE='-D_LARGEFILE_SOURCE -D_LARGEFILE64_SOURCE'
LDFLAGS=' '
LIBBASENAME='libfltk.a'
LIBCOMMAND='/usr/bin/ar cr'
LIBEXT='.a'
LIBNAME='../lib/libfltk.a'
LIBOBJS=''
LIBS='-lXfixes -lXext -lpthread -ldl -lm  -lX11 '
LINKFLTK='../lib/libfltk.a'
LINKFLTKCAIRO=''
LINKFLTKFORMS='../lib/libfltk_forms.a'
LINKFLTKGL='../lib/libfltk_gl.a'
LINKFLTKIMG='../lib/libfltk_images.a'
LINKSHARED=' ../lib/libfltk_images.a ../lib/libfltk_forms.a ../lib/libfltk.a'
LTLIBOBJS=''
MAKEDEPEND='$(CXX) -M'
NROFF='/usr/bin/nroff'
OBJEXT='o'
OPTIM=' -Os -Wall -Wunused -Wno-format-y2k  -fno-exceptions -fno-strict-aliasing -ffunction-sections -fdata-sections'
OSX_ONLY=':'
PACKAGE_BUGREPORT=''
PACKAGE_NAME=''
PACKAGE_STRING=''
PACKAGE_TARNAME=''
PACKAGE_URL=''
PACKAGE_VERSION=''
PATH_SEPARATOR=':'
PNG='png'
PNGINC='-I../png'
PTHREAD_FLAGS='-D_THREAD_SAFE -D_REENTRANT'
RANLIB='ranlib'
RC=''
SHAREDSUFFIX=''
SHELL='/bin/bash'
STATICIMAGELIBS='$libdir/libfltk_png.a $libdir/libfltk_z.a $libdir/libfltk_jpeg.a '
THREADS='threads'
UNINSTALL_DESKTOP='uninstall-linux'
USEMMFILES='No'
XMKMF=''
XPROP='/usr/bin/xprop'
X_CFLAGS=''
X_EXTRA_LIBS=''
X_LIBS=''
X_PRE_LIBS=''
ZLIB='zlib'
ZLIBINC='-I../zlib'
ac_ct_CC='gcc'
ac_ct_CXX='g++'
bindir='${exec_prefix}/bin'
build='x86_64-unknown-linux-gnu'
build_alias=''
build_cpu='x86_64'
build_os='linux-gnu'
build_vendor='unknown'
datadir='${datarootdir}'
datarootdir='${prefix}/share'
docdir='${datarootdir}/doc/${PACKAGE}'
dvidir='${docdir}'
exec_prefix='${prefix}'
host='x86_64-unknown-linux-gnu'
host_alias=''
host_cpu='x86_64'
host_os='linux-gnu'
host_vendor='unknown'
htmldir='${docdir}'
includedir='${prefix}/include'
infodir='${datarootdir}/info'
libdir='${exec_prefix}/lib'
libexecdir='${exec_prefix}/libexec'
localedir='${datarootdir}/locale'
localstatedir='${prefix}/var'
mandir='${datarootdir}/man'
oldincludedir='/usr/include'
pdfdir='${docdir}'
prefix='/usr/local'
program_transform_name='s,x,x,'
psdir='${docdir}'
sbindir='${exec_prefix}/sbin'
sharedstatedir='${prefix}/com'
sysconfdir='${prefix}/etc'
target_alias=''

## ----------- ##
## confdefs.h. ##
## ----------- ##

/* confdefs.h */
#define PACKAGE_NAME ""
#define PACKAGE_TARNAME ""
#define PACKAGE_VERSION ""
#define PACKAGE_STRING ""
#define PACKAGE_BUGREPORT ""
#define PACKAGE_URL ""
#define STDC_HEADERS 1
#define HAVE_SYS_TYPES_H 1
#define HAVE_SYS_STAT_H 1
#define HAVE_STDLIB_H 1
#define HAVE_STRING_H 1
#define HAVE_MEMORY_H 1
#define HAVE_STRINGS_H 1
#define HAVE_INTTYPES_H 1
#define HAVE_STDINT_H 1
#define HAVE_UNISTD_H 1
#define SIZEOF_SHORT 2
#define SIZEOF_INT 4
#define SIZEOF_LONG 8
#define U16 unsigned short
#define U32 unsigned
#define U64 unsigned long
#define HAVE_DIRENT_H 1
#define HAVE_SYS_SELECT_H 1
#define HAVE_SCANDIR 1
#define HAVE_SCANDIR_POSIX 1
#define HAVE_VSNPRINTF 1
#define HAVE_SNPRINTF 1
#define HAVE_STRINGS_H 1
#define HAVE_STRCASECMP 1
#define HAVE_LOCALE_H 1
#define HAVE_LOCALECONV 1
#define HAVE_LONG_LONG 1
#define HAVE_DLSYM 1
#define HAVE_DLFCN_H 1
#define HAVE_LIBJPEG 1
#define HAVE_LIBZ 1
#define HAVE_LIBPNG 1
#define HAVE_PNG_H 1
#define HAVE_PNG_GET_VALID 1
#define HAVE_PNG_SET_TRNS_TO_ALPHA 1
#define HAVE_PTHREAD_H 1
#define HAVE_PTHREAD 1
#define HAVE_PTHREAD 1
#define USE_X11 1
#define HAVE_GL 1
#define HAVE_GLXGETPROCADDRESSARB 1
#define HAVE_GL_GLU_H 1
#define HAVE_XDBE 1
#define HAVE_XFIXES 1
#define HAVE_X11_XREGION_H 1
#define FLTK_DOCDIR "/usr/local/share/doc/fltk"
#define FLTK_DATADIR "/usr/local/share/fltk"

configure: exit 0
